Determining if the Q_WS_WIN exist failed with the following output:
Change Dir: /home/ivan/dev/argos-custom/argos3/plugins/robots/e-pucky/CMakeFiles/CMakeTmp

Run Build Command:"/usr/bin/make" "cmTC_36e91/fast"
/usr/bin/make -f CMakeFiles/cmTC_36e91.dir/build.make CMakeFiles/cmTC_36e91.dir/build
make[1]: Entering directory '/home/ivan/dev/argos-custom/argos3/plugins/robots/e-pucky/CMakeFiles/CMakeTmp'
Building CXX object CMakeFiles/cmTC_36e91.dir/CheckSymbolExists.cxx.o
/usr/bin/c++    -I/usr/include/qt4   -o CMakeFiles/cmTC_36e91.dir/CheckSymbolExists.cxx.o -c /home/ivan/dev/argos-custom/argos3/plugins/robots/e-pucky/CMakeFiles/CMakeTmp/CheckSymbolExists.cxx
/home/ivan/dev/argos-custom/argos3/plugins/robots/e-pucky/CMakeFiles/CMakeTmp/CheckSymbolExists.cxx: In function ‘int main(int, char**)’:
/home/ivan/dev/argos-custom/argos3/plugins/robots/e-pucky/CMakeFiles/CMakeTmp/CheckSymbolExists.cxx:8:19: error: ‘Q_WS_WIN’ was not declared in this scope
   return ((int*)(&Q_WS_WIN))[argc];
                   ^
CMakeFiles/cmTC_36e91.dir/build.make:65: recipe for target 'CMakeFiles/cmTC_36e91.dir/CheckSymbolExists.cxx.o' failed
make[1]: *** [CMakeFiles/cmTC_36e91.dir/CheckSymbolExists.cxx.o] Error 1
make[1]: Leaving directory '/home/ivan/dev/argos-custom/argos3/plugins/robots/e-pucky/CMakeFiles/CMakeTmp'
Makefile:126: recipe for target 'cmTC_36e91/fast' failed
make: *** [cmTC_36e91/fast] Error 2

File /home/ivan/dev/argos-custom/argos3/plugins/robots/e-pucky/CMakeFiles/CMakeTmp/CheckSymbolExists.cxx:
/* */
#include <QtCore/qglobal.h>

int main(int argc, char** argv)
{
  (void)argv;
#ifndef Q_WS_WIN
  return ((int*)(&Q_WS_WIN))[argc];
#else
  (void)argc;
  return 0;
#endif
}

Determining if the Q_WS_QWS exist failed with the following output:
Change Dir: /home/ivan/dev/argos-custom/argos3/plugins/robots/e-pucky/CMakeFiles/CMakeTmp

Run Build Command:"/usr/bin/make" "cmTC_dc883/fast"
/usr/bin/make -f CMakeFiles/cmTC_dc883.dir/build.make CMakeFiles/cmTC_dc883.dir/build
make[1]: Entering directory '/home/ivan/dev/argos-custom/argos3/plugins/robots/e-pucky/CMakeFiles/CMakeTmp'
Building CXX object CMakeFiles/cmTC_dc883.dir/CheckSymbolExists.cxx.o
/usr/bin/c++    -I/usr/include/qt4   -o CMakeFiles/cmTC_dc883.dir/CheckSymbolExists.cxx.o -c /home/ivan/dev/argos-custom/argos3/plugins/robots/e-pucky/CMakeFiles/CMakeTmp/CheckSymbolExists.cxx
/home/ivan/dev/argos-custom/argos3/plugins/robots/e-pucky/CMakeFiles/CMakeTmp/CheckSymbolExists.cxx: In function ‘int main(int, char**)’:
/home/ivan/dev/argos-custom/argos3/plugins/robots/e-pucky/CMakeFiles/CMakeTmp/CheckSymbolExists.cxx:8:19: error: ‘Q_WS_QWS’ was not declared in this scope
   return ((int*)(&Q_WS_QWS))[argc];
                   ^
CMakeFiles/cmTC_dc883.dir/build.make:65: recipe for target 'CMakeFiles/cmTC_dc883.dir/CheckSymbolExists.cxx.o' failed
make[1]: *** [CMakeFiles/cmTC_dc883.dir/CheckSymbolExists.cxx.o] Error 1
make[1]: Leaving directory '/home/ivan/dev/argos-custom/argos3/plugins/robots/e-pucky/CMakeFiles/CMakeTmp'
Makefile:126: recipe for target 'cmTC_dc883/fast' failed
make: *** [cmTC_dc883/fast] Error 2

File /home/ivan/dev/argos-custom/argos3/plugins/robots/e-pucky/CMakeFiles/CMakeTmp/CheckSymbolExists.cxx:
/* */
#include <QtCore/qglobal.h>

int main(int argc, char** argv)
{
  (void)argv;
#ifndef Q_WS_QWS
  return ((int*)(&Q_WS_QWS))[argc];
#else
  (void)argc;
  return 0;
#endif
}

Determining if the Q_WS_MAC exist failed with the following output:
Change Dir: /home/ivan/dev/argos-custom/argos3/plugins/robots/e-pucky/CMakeFiles/CMakeTmp

Run Build Command:"/usr/bin/make" "cmTC_5c3be/fast"
/usr/bin/make -f CMakeFiles/cmTC_5c3be.dir/build.make CMakeFiles/cmTC_5c3be.dir/build
make[1]: Entering directory '/home/ivan/dev/argos-custom/argos3/plugins/robots/e-pucky/CMakeFiles/CMakeTmp'
Building CXX object CMakeFiles/cmTC_5c3be.dir/CheckSymbolExists.cxx.o
/usr/bin/c++    -I/usr/include/qt4   -o CMakeFiles/cmTC_5c3be.dir/CheckSymbolExists.cxx.o -c /home/ivan/dev/argos-custom/argos3/plugins/robots/e-pucky/CMakeFiles/CMakeTmp/CheckSymbolExists.cxx
/home/ivan/dev/argos-custom/argos3/plugins/robots/e-pucky/CMakeFiles/CMakeTmp/CheckSymbolExists.cxx: In function ‘int main(int, char**)’:
/home/ivan/dev/argos-custom/argos3/plugins/robots/e-pucky/CMakeFiles/CMakeTmp/CheckSymbolExists.cxx:8:19: error: ‘Q_WS_MAC’ was not declared in this scope
   return ((int*)(&Q_WS_MAC))[argc];
                   ^
CMakeFiles/cmTC_5c3be.dir/build.make:65: recipe for target 'CMakeFiles/cmTC_5c3be.dir/CheckSymbolExists.cxx.o' failed
make[1]: *** [CMakeFiles/cmTC_5c3be.dir/CheckSymbolExists.cxx.o] Error 1
make[1]: Leaving directory '/home/ivan/dev/argos-custom/argos3/plugins/robots/e-pucky/CMakeFiles/CMakeTmp'
Makefile:126: recipe for target 'cmTC_5c3be/fast' failed
make: *** [cmTC_5c3be/fast] Error 2

File /home/ivan/dev/argos-custom/argos3/plugins/robots/e-pucky/CMakeFiles/CMakeTmp/CheckSymbolExists.cxx:
/* */
#include <QtCore/qglobal.h>

int main(int argc, char** argv)
{
  (void)argv;
#ifndef Q_WS_MAC
  return ((int*)(&Q_WS_MAC))[argc];
#else
  (void)argc;
  return 0;
#endif
}

