Determining if the Q_WS_WIN exist failed with the following output:
Change Dir: /home/ivan/dev/argos-custom/argos3/plugins/robots/swarms/controllers/cpp/crossroad_loop_footbot/CMakeFiles/CMakeTmp

Run Build Command:"/usr/bin/make" "cmTC_ea59d/fast"
/usr/bin/make -f CMakeFiles/cmTC_ea59d.dir/build.make CMakeFiles/cmTC_ea59d.dir/build
make[1]: Entering directory '/home/ivan/dev/argos-custom/argos3/plugins/robots/swarms/controllers/cpp/crossroad_loop_footbot/CMakeFiles/CMakeTmp'
Building CXX object CMakeFiles/cmTC_ea59d.dir/CheckSymbolExists.cxx.o
/usr/bin/c++    -I/usr/include/qt4   -o CMakeFiles/cmTC_ea59d.dir/CheckSymbolExists.cxx.o -c /home/ivan/dev/argos-custom/argos3/plugins/robots/swarms/controllers/cpp/crossroad_loop_footbot/CMakeFiles/CMakeTmp/CheckSymbolExists.cxx
/home/ivan/dev/argos-custom/argos3/plugins/robots/swarms/controllers/cpp/crossroad_loop_footbot/CMakeFiles/CMakeTmp/CheckSymbolExists.cxx: In function ‘int main(int, char**)’:
/home/ivan/dev/argos-custom/argos3/plugins/robots/swarms/controllers/cpp/crossroad_loop_footbot/CMakeFiles/CMakeTmp/CheckSymbolExists.cxx:8:19: error: ‘Q_WS_WIN’ was not declared in this scope
   return ((int*)(&Q_WS_WIN))[argc];
                   ^
CMakeFiles/cmTC_ea59d.dir/build.make:65: recipe for target 'CMakeFiles/cmTC_ea59d.dir/CheckSymbolExists.cxx.o' failed
make[1]: *** [CMakeFiles/cmTC_ea59d.dir/CheckSymbolExists.cxx.o] Error 1
make[1]: Leaving directory '/home/ivan/dev/argos-custom/argos3/plugins/robots/swarms/controllers/cpp/crossroad_loop_footbot/CMakeFiles/CMakeTmp'
Makefile:126: recipe for target 'cmTC_ea59d/fast' failed
make: *** [cmTC_ea59d/fast] Error 2

File /home/ivan/dev/argos-custom/argos3/plugins/robots/swarms/controllers/cpp/crossroad_loop_footbot/CMakeFiles/CMakeTmp/CheckSymbolExists.cxx:
/* */
#include <QtCore/qglobal.h>

int main(int argc, char** argv)
{
  (void)argv;
#ifndef Q_WS_WIN
  return ((int*)(&Q_WS_WIN))[argc];
#else
  (void)argc;
  return 0;
#endif
}

Determining if the Q_WS_QWS exist failed with the following output:
Change Dir: /home/ivan/dev/argos-custom/argos3/plugins/robots/swarms/controllers/cpp/crossroad_loop_footbot/CMakeFiles/CMakeTmp

Run Build Command:"/usr/bin/make" "cmTC_45ca2/fast"
/usr/bin/make -f CMakeFiles/cmTC_45ca2.dir/build.make CMakeFiles/cmTC_45ca2.dir/build
make[1]: Entering directory '/home/ivan/dev/argos-custom/argos3/plugins/robots/swarms/controllers/cpp/crossroad_loop_footbot/CMakeFiles/CMakeTmp'
Building CXX object CMakeFiles/cmTC_45ca2.dir/CheckSymbolExists.cxx.o
/usr/bin/c++    -I/usr/include/qt4   -o CMakeFiles/cmTC_45ca2.dir/CheckSymbolExists.cxx.o -c /home/ivan/dev/argos-custom/argos3/plugins/robots/swarms/controllers/cpp/crossroad_loop_footbot/CMakeFiles/CMakeTmp/CheckSymbolExists.cxx
/home/ivan/dev/argos-custom/argos3/plugins/robots/swarms/controllers/cpp/crossroad_loop_footbot/CMakeFiles/CMakeTmp/CheckSymbolExists.cxx: In function ‘int main(int, char**)’:
/home/ivan/dev/argos-custom/argos3/plugins/robots/swarms/controllers/cpp/crossroad_loop_footbot/CMakeFiles/CMakeTmp/CheckSymbolExists.cxx:8:19: error: ‘Q_WS_QWS’ was not declared in this scope
   return ((int*)(&Q_WS_QWS))[argc];
                   ^
CMakeFiles/cmTC_45ca2.dir/build.make:65: recipe for target 'CMakeFiles/cmTC_45ca2.dir/CheckSymbolExists.cxx.o' failed
make[1]: *** [CMakeFiles/cmTC_45ca2.dir/CheckSymbolExists.cxx.o] Error 1
make[1]: Leaving directory '/home/ivan/dev/argos-custom/argos3/plugins/robots/swarms/controllers/cpp/crossroad_loop_footbot/CMakeFiles/CMakeTmp'
Makefile:126: recipe for target 'cmTC_45ca2/fast' failed
make: *** [cmTC_45ca2/fast] Error 2

File /home/ivan/dev/argos-custom/argos3/plugins/robots/swarms/controllers/cpp/crossroad_loop_footbot/CMakeFiles/CMakeTmp/CheckSymbolExists.cxx:
/* */
#include <QtCore/qglobal.h>

int main(int argc, char** argv)
{
  (void)argv;
#ifndef Q_WS_QWS
  return ((int*)(&Q_WS_QWS))[argc];
#else
  (void)argc;
  return 0;
#endif
}

Determining if the Q_WS_MAC exist failed with the following output:
Change Dir: /home/ivan/dev/argos-custom/argos3/plugins/robots/swarms/controllers/cpp/crossroad_loop_footbot/CMakeFiles/CMakeTmp

Run Build Command:"/usr/bin/make" "cmTC_b9176/fast"
/usr/bin/make -f CMakeFiles/cmTC_b9176.dir/build.make CMakeFiles/cmTC_b9176.dir/build
make[1]: Entering directory '/home/ivan/dev/argos-custom/argos3/plugins/robots/swarms/controllers/cpp/crossroad_loop_footbot/CMakeFiles/CMakeTmp'
Building CXX object CMakeFiles/cmTC_b9176.dir/CheckSymbolExists.cxx.o
/usr/bin/c++    -I/usr/include/qt4   -o CMakeFiles/cmTC_b9176.dir/CheckSymbolExists.cxx.o -c /home/ivan/dev/argos-custom/argos3/plugins/robots/swarms/controllers/cpp/crossroad_loop_footbot/CMakeFiles/CMakeTmp/CheckSymbolExists.cxx
/home/ivan/dev/argos-custom/argos3/plugins/robots/swarms/controllers/cpp/crossroad_loop_footbot/CMakeFiles/CMakeTmp/CheckSymbolExists.cxx: In function ‘int main(int, char**)’:
/home/ivan/dev/argos-custom/argos3/plugins/robots/swarms/controllers/cpp/crossroad_loop_footbot/CMakeFiles/CMakeTmp/CheckSymbolExists.cxx:8:19: error: ‘Q_WS_MAC’ was not declared in this scope
   return ((int*)(&Q_WS_MAC))[argc];
                   ^
CMakeFiles/cmTC_b9176.dir/build.make:65: recipe for target 'CMakeFiles/cmTC_b9176.dir/CheckSymbolExists.cxx.o' failed
make[1]: *** [CMakeFiles/cmTC_b9176.dir/CheckSymbolExists.cxx.o] Error 1
make[1]: Leaving directory '/home/ivan/dev/argos-custom/argos3/plugins/robots/swarms/controllers/cpp/crossroad_loop_footbot/CMakeFiles/CMakeTmp'
Makefile:126: recipe for target 'cmTC_b9176/fast' failed
make: *** [cmTC_b9176/fast] Error 2

File /home/ivan/dev/argos-custom/argos3/plugins/robots/swarms/controllers/cpp/crossroad_loop_footbot/CMakeFiles/CMakeTmp/CheckSymbolExists.cxx:
/* */
#include <QtCore/qglobal.h>

int main(int argc, char** argv)
{
  (void)argv;
#ifndef Q_WS_MAC
  return ((int*)(&Q_WS_MAC))[argc];
#else
  (void)argc;
  return 0;
#endif
}

